<?xml version="1.0" encoding="UTF-8"?>
<!-- Generated by org.testng.reporters.JUnitReportReporter -->
<testsuite name="com.shoppingcart.testscripts.TC001_LoginAndLogout" tests="1" time="5.789" ignored="0" failures="1" timestamp="18 Apr 2018 12:28:30 GMT" skipped="0" hostname="INA249SFPT" errors="0">
  <testcase name="loginAndLogout" time="5.789" classname="com.shoppingcart.testscripts.TC001_LoginAndLogout">
    <failure type="java.lang.AssertionError" message="The following asserts failed:
	SignInPage1 is not displayed expected [Amazon Sign I] but found [Amazon Sign In]">
      <![CDATA[java.lang.AssertionError: The following asserts failed:
	SignInPage1 is not displayed expected [Amazon Sign I] but found [Amazon Sign In]
	at org.testng.asserts.SoftAssert.assertAll(SoftAssert.java:43)
	at com.shoppingcart.testscripts.TC001_LoginAndLogout.loginAndLogout(TC001_LoginAndLogout.java:36)
	at sun.reflect.NativeMethodAccessorImpl.invoke0(Native Method)
	at sun.reflect.NativeMethodAccessorImpl.invoke(Unknown Source)
	at sun.reflect.DelegatingMethodAccessorImpl.invoke(Unknown Source)
	at java.lang.reflect.Method.invoke(Unknown Source)
	at org.testng.internal.MethodInvocationHelper.invokeMethod(MethodInvocationHelper.java:104)
	at org.testng.internal.Invoker.invokeMethod(Invoker.java:645)
	at org.testng.internal.Invoker.invokeTestMethod(Invoker.java:851)
	at org.testng.internal.Invoker.invokeTestMethods(Invoker.java:1177)
	at org.testng.internal.TestMethodWorker.invokeTestMethods(TestMethodWorker.java:129)
	at org.testng.internal.TestMethodWorker.run(TestMethodWorker.java:112)
	at org.testng.TestRunner.privateRun(TestRunner.java:756)
	at org.testng.TestRunner.run(TestRunner.java:610)
	at org.testng.SuiteRunner.runTest(SuiteRunner.java:387)
	at org.testng.SuiteRunner.runSequentially(SuiteRunner.java:382)
	at org.testng.SuiteRunner.privateRun(SuiteRunner.java:340)
	at org.testng.SuiteRunner.run(SuiteRunner.java:289)
	at org.testng.SuiteRunnerWorker.runSuite(SuiteRunnerWorker.java:52)
	at org.testng.SuiteRunnerWorker.run(SuiteRunnerWorker.java:86)
	at org.testng.TestNG.runSuitesSequentially(TestNG.java:1293)
	at org.testng.TestNG.runSuitesLocally(TestNG.java:1218)
	at org.testng.TestNG.runSuites(TestNG.java:1133)
	at org.testng.TestNG.run(TestNG.java:1104)
	at org.testng.remote.AbstractRemoteTestNG.run(AbstractRemoteTestNG.java:114)
	at org.testng.remote.RemoteTestNG.initAndRun(RemoteTestNG.java:251)
	at org.testng.remote.RemoteTestNG.main(RemoteTestNG.java:77)
]]>
    </failure>
  </testcase> <!-- loginAndLogout -->
</testsuite> <!-- com.shoppingcart.testscripts.TC001_LoginAndLogout -->
